#
# There is insufficient memory for the Java Runtime Environment to continue.
# Native memory allocation (malloc) failed to allocate 1040576 bytes for Chunk::new
# Possible reasons:
#   The system is out of physical RAM or swap space
#   In 32 bit mode, the process size limit was hit
# Possible solutions:
#   Reduce memory load on the system
#   Increase physical memory or swap space
#   Check if swap backing store is full
#   Use 64 bit Java on a 64 bit OS
#   Decrease Java heap size (-Xmx/-Xms)
#   Decrease number of Java threads
#   Decrease Java thread stack sizes (-Xss)
#   Set larger code cache with -XX:ReservedCodeCacheSize=
# This output file may be truncated or incomplete.
#
#  Out of Memory Error (allocation.cpp:390), pid=7512, tid=7896
#
# JRE version: Java(TM) SE Runtime Environment (8.0_91-b14) (build 1.8.0_91-b14)
# Java VM: Java HotSpot(TM) 64-Bit Server VM (25.91-b14 mixed mode windows-amd64 compressed oops)
# Failed to write core dump. Minidumps are not enabled by default on client versions of Windows
#

---------------  T H R E A D  ---------------

Current thread (0x0000000015774800):  JavaThread "C2 CompilerThread0" daemon [_thread_in_native, id=7896, stack(0x0000000016dd0000,0x0000000016ed0000)]

Stack: [0x0000000016dd0000,0x0000000016ed0000]
[error occurred during error reporting (printing stack bounds), id 0xc0000005]

Native frames: (J=compiled Java code, j=interpreted, Vv=VM code, C=native code)


Current CompileTask:
C2:  67700 3742   !   4       java.lang.reflect.Executable::sharedToString (102 bytes)


---------------  P R O C E S S  ---------------

Java Threads: ( => current thread )
  0x0000000018469000 JavaThread "pool-2-thread-1" [_thread_blocked, id=5496, stack(0x000000001f690000,0x000000001f790000)]
  0x0000000018468800 JavaThread "File lock request listener" [_thread_in_native, id=2688, stack(0x000000001a3e0000,0x000000001a4e0000)]
  0x0000000018617800 JavaThread "Stdin handler" [_thread_blocked, id=7060, stack(0x000000001a0e0000,0x000000001a1e0000)]
  0x0000000017c4a800 JavaThread "Asynchronous log dispatcher for DefaultDaemonConnection: socket connection from /127.0.0.1:2084 to /127.0.0.1:2085" [_thread_blocked, id=5076, stack(0x0000000019fe0000,0x000000001a0e0000)]
  0x0000000018617000 JavaThread "Daemon worker" [_thread_in_vm, id=7936, stack(0x0000000019ee0000,0x0000000019fe0000)]
  0x0000000017a88800 JavaThread "Cancel handler" [_thread_blocked, id=7136, stack(0x0000000019de0000,0x0000000019ee0000)]
  0x00000000172f9000 JavaThread "Handler for socket connection from /127.0.0.1:2084 to /127.0.0.1:2085" [_thread_in_native, id=8148, stack(0x0000000019ce0000,0x0000000019de0000)]
  0x0000000017a3b800 JavaThread "Daemon" [_thread_blocked, id=7624, stack(0x00000000199e0000,0x0000000019ae0000)]
  0x0000000018339800 JavaThread "Incoming local TCP Connector on port 2084" [_thread_in_native, id=3084, stack(0x00000000194e0000,0x00000000195e0000)]
  0x0000000018241800 JavaThread "pool-1-thread-1" [_thread_blocked, id=216, stack(0x00000000191e0000,0x00000000192e0000)]
  0x00000000157b9800 JavaThread "Service Thread" daemon [_thread_blocked, id=3732, stack(0x00000000170d0000,0x00000000171d0000)]
  0x000000001577a800 JavaThread "C1 CompilerThread2" daemon [_thread_blocked, id=5204, stack(0x0000000016fd0000,0x00000000170d0000)]
  0x0000000015777800 JavaThread "C2 CompilerThread1" daemon [_thread_in_native, id=5024, stack(0x0000000016ed0000,0x0000000016fd0000)]
=>0x0000000015774800 JavaThread "C2 CompilerThread0" daemon [_thread_in_native, id=7896, stack(0x0000000016dd0000,0x0000000016ed0000)]
  0x000000001576f000 JavaThread "Attach Listener" daemon [_thread_blocked, id=6416, stack(0x0000000016cd0000,0x0000000016dd0000)]
  0x000000001576b800 JavaThread "Signal Dispatcher" daemon [_thread_blocked, id=6816, stack(0x0000000016bd0000,0x0000000016cd0000)]
  0x000000001575a800 JavaThread "Finalizer" daemon [_thread_blocked, id=5744, stack(0x00000000169d0000,0x0000000016ad0000)]
  0x0000000002fd1000 JavaThread "Reference Handler" daemon [_thread_blocked, id=8184, stack(0x00000000168d0000,0x00000000169d0000)]
  0x0000000002ee2800 JavaThread "main" [_thread_blocked, id=240, stack(0x0000000001690000,0x0000000001790000)]

Other Threads:
  0x0000000015737000 VMThread [stack: 0x00000000167d0000,0x00000000168d0000] [id=292]
  0x000000001720d000 WatcherThread [stack: 0x00000000175d0000,0x00000000176d0000] [id=1828]

VM state:not at safepoint (normal execution)

VM Mutex/Monitor currently owned by a thread: None

Heap:
 PSYoungGen      total 30208K, used 20545K [0x00000000eab00000, 0x00000000ed280000, 0x0000000100000000)
  eden space 20992K, 89% used [0x00000000eab00000,0x00000000ebd3ff08,0x00000000ebf80000)
  from space 9216K, 20% used [0x00000000ec980000,0x00000000ecb50818,0x00000000ed280000)
  to   space 9728K, 0% used [0x00000000ebf80000,0x00000000ebf80000,0x00000000ec900000)
 ParOldGen       total 43008K, used 14718K [0x00000000c0000000, 0x00000000c2a00000, 0x00000000eab00000)
  object space 43008K, 34% used [0x00000000c0000000,0x00000000c0e5f960,0x00000000c2a00000)
 Metaspace       used 35983K, capacity 36648K, committed 36824K, reserved 1081344K
  class space    used 4869K, capacity 5048K, committed 5120K, reserved 1048576K

Card table byte_map: [0x0000000012460000,0x0000000012670000] byte_map_base: 0x0000000011e60000

Marking Bits: (ParMarkBitMap*) 0x00000000567a2f70
 Begin Bits: [0x0000000012bd0000, 0x0000000013bd0000)
 End Bits:   [0x0000000013bd0000, 0x0000000014bd0000)

Polling page: 0x0000000001790000

CodeCache: size=245760Kb used=13483Kb max_used=13483Kb free=232276Kb
 bounds [0x00000000030a0000, 0x0000000003de0000, 0x00000000120a0000]
 total_blobs=4306 nmethods=3585 adapters=632
 compilation: enabled

Compilation events (10 events):
Event: 67.620 Thread 0x000000001577a800 nmethod 3878 0x0000000003da59d0 code [0x0000000003da5b20, 0x0000000003da5cd0]
Event: 67.620 Thread 0x000000001577a800 3879       1       org.gradle.model.internal.core.ModelActionRole::isSubjectViewAvailable (5 bytes)
Event: 67.621 Thread 0x000000001577a800 nmethod 3879 0x0000000003daae10 code [0x0000000003daaf60, 0x0000000003dab070]
Event: 67.621 Thread 0x000000001577a800 3881       3       org.gradle.model.internal.registry.RuleBinder::isBound (32 bytes)
Event: 67.621 Thread 0x000000001577a800 nmethod 3881 0x0000000003dab0d0 code [0x0000000003dab240, 0x0000000003dab648]
Event: 67.621 Thread 0x000000001577a800 3880       1       org.gradle.model.internal.core.ModelActionRole::getTargetState (5 bytes)
Event: 67.621 Thread 0x000000001577a800 nmethod 3880 0x0000000003dab750 code [0x0000000003dab8a0, 0x0000000003dab9b0]
Event: 67.621 Thread 0x000000001577a800 3882       3       org.objectweb.asm.ByteVector::a (51 bytes)
Event: 67.622 Thread 0x000000001577a800 nmethod 3882 0x0000000003daba10 code [0x0000000003dabb80, 0x0000000003dabea8]
Event: 67.622 Thread 0x000000001577a800 3883       3       org.objectweb.asm.ClassReader::a (3351 bytes)

GC Heap History (10 events):
Event: 52.890 GC heap before
{Heap before GC invocations=12 (full 1):
 PSYoungGen      total 29696K, used 25972K [0x00000000eab00000, 0x00000000ed200000, 0x0000000100000000)
  eden space 21504K, 100% used [0x00000000eab00000,0x00000000ec000000,0x00000000ec000000)
  from space 8192K, 54% used [0x00000000eca00000,0x00000000ece5d2a8,0x00000000ed200000)
  to   space 9216K, 0% used [0x00000000ec000000,0x00000000ec000000,0x00000000ec900000)
 ParOldGen       total 39424K, used 10676K [0x00000000c0000000, 0x00000000c2680000, 0x00000000eab00000)
  object space 39424K, 27% used [0x00000000c0000000,0x00000000c0a6d380,0x00000000c2680000)
 Metaspace       used 30952K, capacity 31586K, committed 31872K, reserved 1077248K
  class space    used 4244K, capacity 4444K, committed 4480K, reserved 1048576K
Event: 52.896 GC heap after
Heap after GC invocations=12 (full 1):
 PSYoungGen      total 30720K, used 1648K [0x00000000eab00000, 0x00000000ed300000, 0x0000000100000000)
  eden space 21504K, 0% used [0x00000000eab00000,0x00000000eab00000,0x00000000ec000000)
  from space 9216K, 17% used [0x00000000ec000000,0x00000000ec19c010,0x00000000ec900000)
  to   space 9728K, 0% used [0x00000000ec980000,0x00000000ec980000,0x00000000ed300000)
 ParOldGen       total 39424K, used 13416K [0x00000000c0000000, 0x00000000c2680000, 0x00000000eab00000)
  object space 39424K, 34% used [0x00000000c0000000,0x00000000c0d1a3b0,0x00000000c2680000)
 Metaspace       used 30952K, capacity 31586K, committed 31872K, reserved 1077248K
  class space    used 4244K, capacity 4444K, committed 4480K, reserved 1048576K
}
Event: 66.113 GC heap before
{Heap before GC invocations=13 (full 1):
 PSYoungGen      total 30720K, used 23152K [0x00000000eab00000, 0x00000000ed300000, 0x0000000100000000)
  eden space 21504K, 100% used [0x00000000eab00000,0x00000000ec000000,0x00000000ec000000)
  from space 9216K, 17% used [0x00000000ec000000,0x00000000ec19c010,0x00000000ec900000)
  to   space 9728K, 0% used [0x00000000ec980000,0x00000000ec980000,0x00000000ed300000)
 ParOldGen       total 39424K, used 13416K [0x00000000c0000000, 0x00000000c2680000, 0x00000000eab00000)
  object space 39424K, 34% used [0x00000000c0000000,0x00000000c0d1a3b0,0x00000000c2680000)
 Metaspace       used 33281K, capacity 33998K, committed 34304K, reserved 1079296K
  class space    used 4541K, capacity 4739K, committed 4864K, reserved 1048576K
Event: 66.119 GC heap after
Heap after GC invocations=13 (full 1):
 PSYoungGen      total 30208K, used 3599K [0x00000000eab00000, 0x00000000ed200000, 0x0000000100000000)
  eden space 21504K, 0% used [0x00000000eab00000,0x00000000eab00000,0x00000000ec000000)
  from space 8704K, 41% used [0x00000000ec980000,0x00000000ecd03f50,0x00000000ed200000)
  to   space 9216K, 0% used [0x00000000ec000000,0x00000000ec000000,0x00000000ec900000)
 ParOldGen       total 39424K, used 14560K [0x00000000c0000000, 0x00000000c2680000, 0x00000000eab00000)
  object space 39424K, 36% used [0x00000000c0000000,0x00000000c0e383e0,0x00000000c2680000)
 Metaspace       used 33281K, capacity 33998K, committed 34304K, reserved 1079296K
  class space    used 4541K, capacity 4739K, committed 4864K, reserved 1048576K
}
Event: 66.810 GC heap before
{Heap before GC invocations=14 (full 1):
 PSYoungGen      total 30208K, used 10572K [0x00000000eab00000, 0x00000000ed200000, 0x0000000100000000)
  eden space 21504K, 32% used [0x00000000eab00000,0x00000000eb1cf498,0x00000000ec000000)
  from space 8704K, 41% used [0x00000000ec980000,0x00000000ecd03f50,0x00000000ed200000)
  to   space 9216K, 0% used [0x00000000ec000000,0x00000000ec000000,0x00000000ec900000)
 ParOldGen       total 39424K, used 14560K [0x00000000c0000000, 0x00000000c2680000, 0x00000000eab00000)
  object space 39424K, 36% used [0x00000000c0000000,0x00000000c0e383e0,0x00000000c2680000)
 Metaspace       used 34512K, capacity 35288K, committed 35416K, reserved 1079296K
  class space    used 4686K, capacity 4916K, committed 4992K, reserved 1048576K
Event: 66.817 GC heap after
Heap after GC invocations=14 (full 1):
 PSYoungGen      total 30720K, used 1300K [0x00000000eab00000, 0x00000000ed300000, 0x0000000100000000)
  eden space 21504K, 0% used [0x00000000eab00000,0x00000000eab00000,0x00000000ec000000)
  from space 9216K, 14% used [0x00000000ec000000,0x00000000ec145380,0x00000000ec900000)
  to   space 9728K, 0% used [0x00000000ec980000,0x00000000ec980000,0x00000000ed300000)
 ParOldGen       total 39424K, used 16529K [0x00000000c0000000, 0x00000000c2680000, 0x00000000eab00000)
  object space 39424K, 41% used [0x00000000c0000000,0x00000000c1024430,0x00000000c2680000)
 Metaspace       used 34512K, capacity 35288K, committed 35416K, reserved 1079296K
  class space    used 4686K, capacity 4916K, committed 4992K, reserved 1048576K
}
Event: 66.817 GC heap before
{Heap before GC invocations=15 (full 2):
 PSYoungGen      total 30720K, used 1300K [0x00000000eab00000, 0x00000000ed300000, 0x0000000100000000)
  eden space 21504K, 0% used [0x00000000eab00000,0x00000000eab00000,0x00000000ec000000)
  from space 9216K, 14% used [0x00000000ec000000,0x00000000ec145380,0x00000000ec900000)
  to   space 9728K, 0% used [0x00000000ec980000,0x00000000ec980000,0x00000000ed300000)
 ParOldGen       total 39424K, used 16529K [0x00000000c0000000, 0x00000000c2680000, 0x00000000eab00000)
  object space 39424K, 41% used [0x00000000c0000000,0x00000000c1024430,0x00000000c2680000)
 Metaspace       used 34512K, capacity 35288K, committed 35416K, reserved 1079296K
  class space    used 4686K, capacity 4916K, committed 4992K, reserved 1048576K
Event: 66.932 GC heap after
Heap after GC invocations=15 (full 2):
 PSYoungGen      total 30720K, used 0K [0x00000000eab00000, 0x00000000ed300000, 0x0000000100000000)
  eden space 21504K, 0% used [0x00000000eab00000,0x00000000eab00000,0x00000000ec000000)
  from space 9216K, 0% used [0x00000000ec000000,0x00000000ec000000,0x00000000ec900000)
  to   space 9728K, 0% used [0x00000000ec980000,0x00000000ec980000,0x00000000ed300000)
 ParOldGen       total 43008K, used 14710K [0x00000000c0000000, 0x00000000c2a00000, 0x00000000eab00000)
  object space 43008K, 34% used [0x00000000c0000000,0x00000000c0e5d960,0x00000000c2a00000)
 Metaspace       used 34512K, capacity 35288K, committed 35416K, reserved 1079296K
  class space    used 4686K, capacity 4916K, committed 4992K, reserved 1048576K
}
Event: 67.405 GC heap before
{Heap before GC invocations=16 (full 2):
 PSYoungGen      total 30720K, used 21504K [0x00000000eab00000, 0x00000000ed300000, 0x0000000100000000)
  eden space 21504K, 100% used [0x00000000eab00000,0x00000000ec000000,0x00000000ec000000)
  from space 9216K, 0% used [0x00000000ec000000,0x00000000ec000000,0x00000000ec900000)
  to   space 9728K, 0% used [0x00000000ec980000,0x00000000ec980000,0x00000000ed300000)
 ParOldGen       total 43008K, used 14710K [0x00000000c0000000, 0x00000000c2a00000, 0x00000000eab00000)
  object space 43008K, 34% used [0x00000000c0000000,0x00000000c0e5d960,0x00000000c2a00000)
 Metaspace       used 35757K, capacity 36456K, committed 36824K, reserved 1081344K
  class space    used 4850K, capacity 5048K, committed 5120K, reserved 1048576K
Event: 67.410 GC heap after
Heap after GC invocations=16 (full 2):
 PSYoungGen      total 30208K, used 1858K [0x00000000eab00000, 0x00000000ed280000, 0x0000000100000000)
  eden space 20992K, 0% used [0x00000000eab00000,0x00000000eab00000,0x00000000ebf80000)
  from space 9216K, 20% used [0x00000000ec980000,0x00000000ecb50818,0x00000000ed280000)
  to   space 9728K, 0% used [0x00000000ebf80000,0x00000000ebf80000,0x00000000ec900000)
 ParOldGen       total 43008K, used 14718K [0x00000000c0000000, 0x00000000c2a00000, 0x00000000eab00000)
  object space 43008K, 34% used [0x00000000c0000000,0x00000000c0e5f960,0x00000000c2a00000)
 Metaspace       used 35757K, capacity 36456K, committed 36824K, reserved 1081344K
  class space    used 4850K, capacity 5048K, committed 5120K, reserved 1048576K
}

Deoptimization events (10 events):
Event: 52.284 Thread 0x0000000018617000 Uncommon trap: reason=unstable_if action=reinterpret pc=0x0000000003bc237c method=com.sun.org.apache.xerces.internal.impl.XMLEntityScanner.scanName()Ljava/lang/String; @ 69
Event: 52.439 Thread 0x0000000018617000 Uncommon trap: reason=unstable_if action=reinterpret pc=0x0000000003bae134 method=com.sun.org.apache.xerces.internal.impl.XMLDocumentFragmentScannerImpl$FragmentContentDriver.next()I @ 815
Event: 63.338 Thread 0x0000000018617000 Uncommon trap: reason=unstable_if action=reinterpret pc=0x000000000336ae88 method=java.util.regex.Pattern$CharProperty.match(Ljava/util/regex/Matcher;ILjava/lang/CharSequence;)Z @ 40
Event: 65.621 Thread 0x0000000018617000 Uncommon trap: reason=unstable_if action=reinterpret pc=0x00000000039fb6a4 method=java.lang.Integer.valueOf(I)Ljava/lang/Integer; @ 3
Event: 66.684 Thread 0x0000000018617000 Uncommon trap: reason=bimorphic action=maybe_recompile pc=0x000000000385b06c method=java.security.MessageDigest$Delegate.engineUpdate([BII)V @ 7
Event: 66.684 Thread 0x0000000018617000 Uncommon trap: reason=bimorphic action=maybe_recompile pc=0x000000000385b06c method=java.security.MessageDigest$Delegate.engineUpdate([BII)V @ 7
Event: 67.269 Thread 0x0000000018617000 Uncommon trap: reason=unstable_if action=reinterpret pc=0x000000000396e0e8 method=java.util.HashMap.putVal(ILjava/lang/Object;Ljava/lang/Object;ZZ)Ljava/lang/Object; @ 162
Event: 67.269 Thread 0x0000000018617000 Uncommon trap: reason=unstable_if action=reinterpret pc=0x00000000033a8204 method=java.util.HashMap.resize()[Ljava/util/HashMap$Node; @ 206
Event: 67.482 Thread 0x0000000018617000 Uncommon trap: reason=unstable_if action=reinterpret pc=0x0000000003d09b78 method=java.lang.reflect.Modifier.toString(I)Ljava/lang/String; @ 123
Event: 67.482 Thread 0x0000000018617000 Uncommon trap: reason=unstable_if action=reinterpret pc=0x0000000003d28e74 method=java.lang.reflect.Modifier.toString(I)Ljava/lang/String; @ 123

Internal exceptions (10 events):
Event: 63.325 Thread 0x0000000018617000 Exception <a 'java/lang/ClassNotFoundException': groovy/lang/GroovyObjectCustomizer> (0x00000000eb3fda38) thrown at [C:\re\workspace\8-2-build-windows-amd64-cygwin\jdk8u91\6644\hotspot\src\share\vm\classfile\systemDictionary.cpp, line 210]
Event: 63.326 Thread 0x0000000018617000 Exception <a 'java/lang/ClassNotFoundException': org/gradle/api/ScriptBeanInfo> (0x00000000eb42ae40) thrown at [C:\re\workspace\8-2-build-windows-amd64-cygwin\jdk8u91\6644\hotspot\src\share\vm\classfile\systemDictionary.cpp, line 210]
Event: 63.327 Thread 0x0000000018617000 Exception <a 'java/lang/ClassNotFoundException': org/gradle/api/ScriptCustomizer> (0x00000000eb448730) thrown at [C:\re\workspace\8-2-build-windows-amd64-cygwin\jdk8u91\6644\hotspot\src\share\vm\classfile\systemDictionary.cpp, line 210]
Event: 63.331 Thread 0x0000000018617000 Exception <a 'java/lang/ClassNotFoundException': org/gradle/api/internal/file/FileOperationsBeanInfo> (0x00000000eb491688) thrown at [C:\re\workspace\8-2-build-windows-amd64-cygwin\jdk8u91\6644\hotspot\src\share\vm\classfile\systemDictionary.cpp, line 210]d¡—e¡ªO@
Event: 63.333 Thread 0x0000000018617000 Exception <a 'java/lang/ClassNotFoundException': org/gradle/api/internal/file/FileOperationsCustomizer> (0x00000000eb4b9af8) thrown at [C:\re\workspace\8-2-build-windows-amd64-cygwin\jdk8u91\6644\hotspot\src\share\vm\classfile\systemDictionary.cpp, line 21²Ÿ³SðªO@
Event: 63.335 Thread 0x0000000018617000 Exception <a 'java/lang/ClassNotFoundException': org/gradle/api/internal/ProcessOperationsBeanInfo> (0x00000000eb4fd1f8) thrown at [C:\re\workspace\8-2-build-windows-amd64-cygwin\jdk8u91\6644\hotspot\src\share\vm\classfile\systemDictionary.cpp, line 210]
Event: 63.337 Thread 0x0000000018617000 Exception <a 'java/lang/ClassNotFoundException': org/gradle/api/internal/ProcessOperationsCustomizer> (0x00000000eb524f80) thrown at [C:\re\workspace\8-2-build-windows-amd64-cygwin\jdk8u91\6644\hotspot\src\share\vm\classfile\systemDictionary.cpp, line 210]
Event: 63.895 Thread 0x0000000018617000 Exception <a 'java/lang/ClassNotFoundException': build_m3auxegtxolbjhcvepm1f2vnBeanInfo> (0x00000000eb5c8300) thrown at [C:\re\workspace\8-2-build-windows-amd64-cygwin\jdk8u91\6644\hotspot\src\share\vm\classfile\systemDictionary.cpp, line 210]
Event: 63.895 Thread 0x0000000018617000 Exception <a 'java/lang/ClassNotFoundException': build_m3auxegtxolbjhcvepm1f2vnCustomizer> (0x00000000eb5d8650) thrown at [C:\re\workspace\8-2-build-windows-amd64-cygwin\jdk8u91\6644\hotspot\src\share\vm\classfile\systemDictionary.cpp, line 210]
Event: 66.284 Thread 0x0000000018617000 Exception <a 'sun/nio/fs/WindowsException'> (0x00000000eab38338) thrown at [C:\re\workspace\8-2-build-windows-amd64-cygwin\jdk8u91\6644\hotspot\src\share\vm\prims\jni.cpp, line 709]

Events (10 events):
Event: 67.523 loading class org/apache/tools/ant/types/FilterSet$FiltersFile
Event: 67.523 loading class org/apache/tools/ant/types/FilterSet$FiltersFile done
Event: 67.523 loading class org/apache/tools/ant/types/Reference
Event: 67.523 loading class org/apache/tools/ant/types/Reference done
Event: 67.524 loading class org/apache/tools/ant/Location
Event: 67.524 loading class org/apache/tools/ant/Location done
Event: 67.536 loading class org/apache/tools/ant/input/InputRequest
Event: 67.536 loading class org/apache/tools/ant/input/InputRequest done
Event: 67.621 loading class org/gradle/api/plugins/JavaPluginConvention
Event: 67.621 loading class org/gradle/api/plugins/JavaPluginConvention done


Dynamic libraries:
0x00007ff69aee0000 - 0x00007ff69af17000 	C:\Program Files\Java\jdk1.8.0_91\bin\java.exe
0x00007ff979c00000 - 0x00007ff979dd1000 	C:\WINDOWS\SYSTEM32\ntdll.dll
0x00007ff978930000 - 0x00007ff9789dc000 	C:\WINDOWS\System32\KERNEL32.DLL
0x00007ff9760f0000 - 0x00007ff97630d000 	C:\WINDOWS\System32\KERNELBASE.dll
0x00007ff9795b0000 - 0x00007ff979652000 	C:\WINDOWS\System32\ADVAPI32.dll
0x00007ff978e10000 - 0x00007ff978eae000 	C:\WINDOWS\System32\msvcrt.dll
0x00007ff978770000 - 0x00007ff9787c9000 	C:\WINDOWS\System32\sechost.dll
0x00007ff978eb0000 - 0x00007ff978fd1000 	C:\WINDOWS\System32\RPCRT4.dll
0x00007ff979440000 - 0x00007ff9795a5000 	C:\WINDOWS\System32\USER32.dll
0x00007ff976380000 - 0x00007ff97639e000 	C:\WINDOWS\System32\win32u.dll
0x00007ff9771b0000 - 0x00007ff9771e4000 	C:\WINDOWS\System32\GDI32.dll
0x00007ff9763a0000 - 0x00007ff976522000 	C:\WINDOWS\System32\gdi32full.dll
0x00007ff971470000 - 0x00007ff9716ea000 	C:\WINDOWS\WinSxS\amd64_microsoft.windows.common-controls_6595b64144ccf1df_6.0.14393.953_none_42151e83c686086b\COMCTL32.dll
0x00007ff979170000 - 0x00007ff979438000 	C:\WINDOWS\System32\combase.dll
0x00007ff976530000 - 0x00007ff976625000 	C:\WINDOWS\System32\ucrtbase.dll
0x00007ff976310000 - 0x00007ff97637a000 	C:\WINDOWS\System32\bcryptPrimitives.dll
0x00007ff979140000 - 0x00007ff97916e000 	C:\WINDOWS\System32\IMM32.DLL
0x0000000058040000 - 0x0000000058112000 	C:\Program Files\Java\jdk1.8.0_91\jre\bin\msvcr100.dll
0x0000000055f90000 - 0x0000000056823000 	C:\Program Files\Java\jdk1.8.0_91\jre\bin\server\jvm.dll
0x00007ff978760000 - 0x00007ff978768000 	C:\WINDOWS\System32\PSAPI.DLL
0x00007ff962c10000 - 0x00007ff962c19000 	C:\WINDOWS\SYSTEM32\WSOCK32.dll
0x00007ff979880000 - 0x00007ff9798ea000 	C:\WINDOWS\System32\WS2_32.dll
0x00007ff973ce0000 - 0x00007ff973d03000 	C:\WINDOWS\SYSTEM32\WINMM.dll
0x00007ff971950000 - 0x00007ff97195a000 	C:\WINDOWS\SYSTEM32\VERSION.dll
0x00007ff973b70000 - 0x00007ff973b9b000 	C:\WINDOWS\SYSTEM32\WINMMBASE.dll
0x00007ff976d70000 - 0x00007ff976db2000 	C:\WINDOWS\System32\cfgmgr32.dll
0x0000000058030000 - 0x000000005803f000 	C:\Program Files\Java\jdk1.8.0_91\jre\bin\verify.dll
0x0000000058000000 - 0x0000000058029000 	C:\Program Files\Java\jdk1.8.0_91\jre\bin\java.dll
0x0000000057fe0000 - 0x0000000057ff6000 	C:\Program Files\Java\jdk1.8.0_91\jre\bin\zip.dll
0x00007ff9771f0000 - 0x00007ff9786f8000 	C:\WINDOWS\System32\SHELL32.dll
0x00007ff976690000 - 0x00007ff976d6a000 	C:\WINDOWS\System32\windows.storage.dll
0x00007ff9760a0000 - 0x00007ff9760ec000 	C:\WINDOWS\System32\powrprof.dll
0x00007ff979660000 - 0x00007ff9796b2000 	C:\WINDOWS\System32\shlwapi.dll
0x00007ff976080000 - 0x00007ff97608f000 	C:\WINDOWS\System32\kernel.appcore.dll
0x00007ff977040000 - 0x00007ff9770e9000 	C:\WINDOWS\System32\shcore.dll
0x00007ff976060000 - 0x00007ff976074000 	C:\WINDOWS\System32\profapi.dll
0x0000000057fc0000 - 0x0000000057fda000 	C:\Program Files\Java\jdk1.8.0_91\jre\bin\net.dll
0x00007ff975990000 - 0x00007ff9759ec000 	C:\WINDOWS\system32\mswsock.dll
0x0000000057fa0000 - 0x0000000057fb1000 	C:\Program Files\Java\jdk1.8.0_91\jre\bin\nio.dll
0x00007ff96f8f0000 - 0x00007ff96f90e000 	C:\Users\William\.gradle\native\23\windows-amd64\native-platform.dll
0x00007ff975b30000 - 0x00007ff975b47000 	C:\WINDOWS\SYSTEM32\CRYPTSP.dll
0x00007ff975590000 - 0x00007ff9755c3000 	C:\WINDOWS\system32\rsaenh.dll
0x00007ff975c40000 - 0x00007ff975c6b000 	C:\WINDOWS\SYSTEM32\bcrypt.dll
0x00007ff975810000 - 0x00007ff97582f000 	C:\WINDOWS\SYSTEM32\USERENV.dll
0x00007ff975b50000 - 0x00007ff975b5b000 	C:\WINDOWS\SYSTEM32\CRYPTBASE.dll
0x00007ff975710000 - 0x00007ff975748000 	C:\WINDOWS\SYSTEM32\IPHLPAPI.DLL
0x00007ff9796c0000 - 0x00007ff9796c8000 	C:\WINDOWS\System32\NSI.dll
0x00007ff972100000 - 0x00007ff972116000 	C:\WINDOWS\SYSTEM32\dhcpcsvc6.DLL
0x00007ff971e50000 - 0x00007ff971e6a000 	C:\WINDOWS\SYSTEM32\dhcpcsvc.DLL
0x0000000057f90000 - 0x0000000057f9d000 	C:\Program Files\Java\jdk1.8.0_91\jre\bin\management.dll

VM Arguments:
jvm_args: -XX:MaxPermSize=256m -XX:+HeapDumpOnOutOfMemoryError -Xmx1024m -Dfile.encoding=windows-1252 -Duser.country=BR -Duser.language=pt -Duser.variant 
java_command: org.gradle.launcher.daemon.bootstrap.GradleDaemon 3.3
java_class_path (initial): C:\Users\William\.gradle\wrapper\dists\gradle-3.3-all\55gk2rcmfc6p2dg9u9ohc3hw9\gradle-3.3\lib\gradle-launcher-3.3.jar
Launcher Type: SUN_STANDARD

Environment Variables:
JAVA_HOME=C:\Program Files\Java\jdk1.8.0_91
CLASSPATH=;C:\Program Files\Java\jdk1.8.0_91\lib;C:\Program Files\Java\jdk1.8.0_91\lib\tools.jar;C:\Program Files\Java\jdk1.8.0_91\lib\dt.jar;C:\Program Files\Java\jdk1.8.0_91\lib\htmlconverter.jar;C:\Program Files\Java\jdk1.8.0_91\jre\lib;C:\Program Files\Java\jdk1.8.0_91\jre\lib\rt.jar;
PATH=C:\Perl\site\bin;C:\Perl\bin;C:\Program Files (x86)\EasyPHP-DevServer-14.1VC11\binaries\php\php_runningversion;C:\ProgramData\Oracle\Java\javapath;c:\Program Files (x86)\Intel\iCLS Client\;c:\Program Files\Intel\iCLS Client\;C:\Windows\system32;C:\Windows;C:\Windows\System32\Wbem;C:\Windows\System32\WindowsPowerShell\v1.0\;C:\Program Files\Intel\Intel(R) Management Engine Components\DAL;C:\Program Files\Intel\Intel(R) Management Engine Components\IPT;C:\Program Files (x86)\Intel\Intel(R) Management Engine Components\DAL;C:\Program Files (x86)\Intel\Intel(R) Management Engine Components\IPT;C:\Program Files (x86)\Windows Live\Shared;C:\Dwimperl\perl\bin;C:\Dwimperl\perl\site\bin;C:\Dwimperl\c\bin;C:\Program Files (x86)\B1 Free Archiver;C:\Program Files (x86)\NVIDIA Corporation\PhysX\Common;C:\Program Files\Oracle\VirtualBox;C:\WINDOWS\system32;C:\WINDOWS;C:\WINDOWS\System32\Wbem;C:\WINDOWS\System32\WindowsPowerShell\v1.0\;C:\WINDOWS\system32\config\systemprofile\.dnx\bin;C:\Program Files\Microsoft DNX\Dnvm\;C:\Program Files (x86)\Skype\Phone\;C:\Program Files (x86)\Java\jre1.8.0_20\bin;C:\Users\William\AppData\Local\Android\sdk\tools;C:\Users\William\AppData\Local\Android\sdk\platform-tools;C:\Program Files\nodejs\;C:\Program Files\Java\jdk1.8.0_91\bin;C:\Users\William\AppData\Local\Android\sdk\build-tools\23.0.3;C:\curl\src;C:\Users\William\AppData\Local\Programs\Python\Python36-32\Scripts\;C:\Users\William\AppData\Local\Programs\Python\Python36-32\;C:\Users\William\AppData\Local\Programs\Python\Python36\Scripts\;C:\Users\William\AppData\Local\Programs\Python\Python36\;C:\Users\William\AppData\Roaming\npm;C:\Python27\;C:\Python27\Scripts\;C:\Protoc\bin\protoc.exe;C:\Users\William\AppData\Local\Microsoft\WindowsApps
USERNAME=William
OS=Windows_NT
PROCESSOR_IDENTIFIER=Intel64 Family 6 Model 69 Stepping 1, GenuineIntel



---------------  S Y S T E M  ---------------

OS: Windows 10.0 , 64 bit Build 14393 (10.0.14393.1198)

CPU:total 4 (2 cores per cpu, 2 threads per core) family 6 model 69 stepping 1, cmov, cx8, fxsr, mmx, sse, sse2, sse3, ssse3, sse4.1, sse4.2, popcnt, avx, avx2, aes, clmul, erms, lzcnt, ht, tsc, tscinvbit, bmi1, bmi2

Memory: 4k page, physical 6193632k(1417044k free), swap 6193632k(5452k free)

vm_info: Java HotSpot(TM) 64-Bit Server VM (25.91-b14) for windows-amd64 JRE (1.8.0_91-b14), built on Apr  1 2016 00:58:32 by "java_re" with MS VC++ 10.0 (VS2010)

time: Wed Jun 14 10:44:30 2017
elapsed time: 67 seconds (0d 0h 1m 7s)

