#
# There is insufficient memory for the Java Runtime Environment to continue.
# Native memory allocation (malloc) failed to allocate 2017456 bytes for Chunk::new
# Possible reasons:
#   The system is out of physical RAM or swap space
#   In 32 bit mode, the process size limit was hit
# Possible solutions:
#   Reduce memory load on the system
#   Increase physical memory or swap space
#   Check if swap backing store is full
#   Use 64 bit Java on a 64 bit OS
#   Decrease Java heap size (-Xmx/-Xms)
#   Decrease number of Java threads
#   Decrease Java thread stack sizes (-Xss)
#   Set larger code cache with -XX:ReservedCodeCacheSize=
# This output file may be truncated or incomplete.
#
#  Out of Memory Error (allocation.cpp:390), pid=216, tid=7500
#
# JRE version: Java(TM) SE Runtime Environment (8.0_91-b14) (build 1.8.0_91-b14)
# Java VM: Java HotSpot(TM) 64-Bit Server VM (25.91-b14 mixed mode windows-amd64 compressed oops)
# Failed to write core dump. Minidumps are not enabled by default on client versions of Windows
#

---------------  T H R E A D  ---------------

Current thread (0x0000000015137000):  JavaThread "C2 CompilerThread0" daemon [_thread_in_native, id=7500, stack(0x00000000167b0000,0x00000000168b0000)]

Stack: [0x00000000167b0000,0x00000000168b0000]
[error occurred during error reporting (printing stack bounds), id 0xc0000005]

Native frames: (J=compiled Java code, j=interpreted, Vv=VM code, C=native code)


Current CompileTask:
C2:  15270 1452       4       java.net.URLClassLoader$1::run (5 bytes)


---------------  P R O C E S S  ---------------

Java Threads: ( => current thread )
  0x0000000016ad6000 JavaThread "File lock request listener" [_thread_in_native, id=7972, stack(0x000000001ad90000,0x000000001ae90000)]
  0x0000000017d7f800 JavaThread "Stdin handler" [_thread_blocked, id=7192, stack(0x0000000019ac0000,0x0000000019bc0000)]
  0x0000000016c60800 JavaThread "Asynchronous log dispatcher for DefaultDaemonConnection: socket connection from /127.0.0.1:2118 to /127.0.0.1:2119" [_thread_blocked, id=5288, stack(0x00000000199c0000,0x0000000019ac0000)]
  0x0000000016ab5000 JavaThread "Daemon worker" [_thread_in_native, id=5012, stack(0x00000000198c0000,0x00000000199c0000)]
  0x0000000016cc1800 JavaThread "Cancel handler" [_thread_blocked, id=7248, stack(0x00000000197c0000,0x00000000198c0000)]
  0x00000000181c0000 JavaThread "Handler for socket connection from /127.0.0.1:2118 to /127.0.0.1:2119" [_thread_in_native, id=6224, stack(0x00000000196c0000,0x00000000197c0000)]
  0x00000000181bf800 JavaThread "Daemon" [_thread_blocked, id=7284, stack(0x00000000195c0000,0x00000000196c0000)]
  0x000000001820f000 JavaThread "Incoming local TCP Connector on port 2118" [_thread_in_native, id=6704, stack(0x0000000018ec0000,0x0000000018fc0000)]
  0x0000000017ae9000 JavaThread "pool-1-thread-1" [_thread_blocked, id=7724, stack(0x0000000018bc0000,0x0000000018cc0000)]
  0x0000000016ad0800 JavaThread "Service Thread" daemon [_thread_blocked, id=7468, stack(0x0000000016eb0000,0x0000000016fb0000)]
  0x000000001513c800 JavaThread "C1 CompilerThread2" daemon [_thread_blocked, id=2692, stack(0x00000000169b0000,0x0000000016ab0000)]
  0x000000001513a000 JavaThread "C2 CompilerThread1" daemon [_thread_in_native, id=6092, stack(0x00000000168b0000,0x00000000169b0000)]
=>0x0000000015137000 JavaThread "C2 CompilerThread0" daemon [_thread_in_native, id=7500, stack(0x00000000167b0000,0x00000000168b0000)]
  0x0000000015131800 JavaThread "Attach Listener" daemon [_thread_blocked, id=2032, stack(0x00000000166b0000,0x00000000167b0000)]
  0x000000001512c800 JavaThread "Signal Dispatcher" daemon [_thread_blocked, id=6152, stack(0x00000000165b0000,0x00000000166b0000)]
  0x000000001511a800 JavaThread "Finalizer" daemon [_thread_blocked, id=6832, stack(0x00000000163b0000,0x00000000164b0000)]
  0x0000000002a51000 JavaThread "Reference Handler" daemon [_thread_blocked, id=7840, stack(0x00000000162b0000,0x00000000163b0000)]
  0x0000000002962800 JavaThread "main" [_thread_blocked, id=5496, stack(0x0000000002860000,0x0000000002960000)]

Other Threads:
  0x00000000150f7000 VMThread [stack: 0x00000000161b0000,0x00000000162b0000] [id=7264]
  0x0000000016ae8000 WatcherThread [stack: 0x0000000016fb0000,0x00000000170b0000] [id=8172]

VM state:not at safepoint (normal execution)

VM Mutex/Monitor currently owned by a thread: None

Heap:
 PSYoungGen      total 28672K, used 6938K [0x00000000eab00000, 0x00000000ecb00000, 0x0000000100000000)
  eden space 24576K, 11% used [0x00000000eab00000,0x00000000eadce8f8,0x00000000ec300000)
  from space 4096K, 99% used [0x00000000ec700000,0x00000000ecaf8020,0x00000000ecb00000)
  to   space 4096K, 0% used [0x00000000ec300000,0x00000000ec300000,0x00000000ec700000)
 ParOldGen       total 65536K, used 4712K [0x00000000c0000000, 0x00000000c4000000, 0x00000000eab00000)
  object space 65536K, 7% used [0x00000000c0000000,0x00000000c049a230,0x00000000c4000000)
 Metaspace       used 16915K, capacity 17296K, committed 17408K, reserved 1064960K
  class space    used 2407K, capacity 2530K, committed 2560K, reserved 1048576K

Card table byte_map: [0x0000000011e20000,0x0000000012030000] byte_map_base: 0x0000000011820000

Marking Bits: (ParMarkBitMap*) 0x00000000567a2f70
 Begin Bits: [0x0000000012590000, 0x0000000013590000)
 End Bits:   [0x0000000013590000, 0x0000000014590000)

Polling page: 0x0000000002710000

CodeCache: size=245760Kb used=4798Kb max_used=4850Kb free=240961Kb
 bounds [0x0000000002a60000, 0x0000000002f50000, 0x0000000011a60000]
 total_blobs=1821 nmethods=1425 adapters=308
 compilation: enabled

Compilation events (10 events):
Event: 15.251 Thread 0x000000001513c800 1530       1       java.nio.channels.spi.AbstractInterruptibleChannel::isOpen (5 bytes)
Event: 15.251 Thread 0x000000001513c800 nmethod 1530 0x0000000002bbf090 code [0x0000000002bbf1e0, 0x0000000002bbf2f0]
Event: 15.251 Thread 0x000000001513c800 1531       3       org.objectweb.asm.MethodWriter::visitMethodInsn (220 bytes)
Event: 15.252 Thread 0x000000001513c800 nmethod 1531 0x0000000002c2f3d0 code [0x0000000002c2f5c0, 0x0000000002c2fc48]
Event: 15.252 Thread 0x000000001513c800 1534       3       java.lang.AbstractStringBuilder::append (144 bytes)
Event: 15.254 Thread 0x000000001513c800 nmethod 1534 0x0000000002bf7e10 code [0x0000000002bf80c0, 0x0000000002bf9358]
Event: 15.254 Thread 0x000000001513c800 1533       3       org.objectweb.asm.ClassWriter::newClass (9 bytes)
Event: 15.254 Thread 0x000000001513c800 nmethod 1533 0x0000000002bbec90 code [0x0000000002bbee00, 0x0000000002bbefa8]
Event: 15.254 Thread 0x000000001513c800 1532       3       org.objectweb.asm.ClassWriter::a (91 bytes)
Event: 15.255 Thread 0x000000001513c800 nmethod 1532 0x0000000002c2e710 code [0x0000000002c2e900, 0x0000000002c2ef78]

GC Heap History (8 events):
Event: 5.561 GC heap before
{Heap before GC invocations=1 (full 0):
 PSYoungGen      total 28672K, used 24576K [0x00000000eab00000, 0x00000000ecb00000, 0x0000000100000000)
  eden space 24576K, 100% used [0x00000000eab00000,0x00000000ec300000,0x00000000ec300000)
  from space 4096K, 0% used [0x00000000ec700000,0x00000000ec700000,0x00000000ecb00000)
  to   space 4096K, 0% used [0x00000000ec300000,0x00000000ec300000,0x00000000ec700000)
 ParOldGen       total 65536K, used 0K [0x00000000c0000000, 0x00000000c4000000, 0x00000000eab00000)
  object space 65536K, 0% used [0x00000000c0000000,0x00000000c0000000,0x00000000c4000000)
 Metaspace       used 6789K, capacity 6964K, committed 7040K, reserved 1056768K
  class space    used 860K, capacity 892K, committed 896K, reserved 1048576K
Event: 5.607 GC heap after
Heap after GC invocations=1 (full 0):
 PSYoungGen      total 28672K, used 3928K [0x00000000eab00000, 0x00000000ecb00000, 0x0000000100000000)
  eden space 24576K, 0% used [0x00000000eab00000,0x00000000eab00000,0x00000000ec300000)
  from space 4096K, 95% used [0x00000000ec300000,0x00000000ec6d6030,0x00000000ec700000)
  to   space 4096K, 0% used [0x00000000ec700000,0x00000000ec700000,0x00000000ecb00000)
 ParOldGen       total 65536K, used 8K [0x00000000c0000000, 0x00000000c4000000, 0x00000000eab00000)
  object space 65536K, 0% used [0x00000000c0000000,0x00000000c0002000,0x00000000c4000000)
 Metaspace       used 6789K, capacity 6964K, committed 7040K, reserved 1056768K
  class space    used 860K, capacity 892K, committed 896K, reserved 1048576K
}
Event: 8.248 GC heap before
{Heap before GC invocations=2 (full 0):
 PSYoungGen      total 28672K, used 28504K [0x00000000eab00000, 0x00000000ecb00000, 0x0000000100000000)
  eden space 24576K, 100% used [0x00000000eab00000,0x00000000ec300000,0x00000000ec300000)
  from space 4096K, 95% used [0x00000000ec300000,0x00000000ec6d6030,0x00000000ec700000)
  to   space 4096K, 0% used [0x00000000ec700000,0x00000000ec700000,0x00000000ecb00000)
 ParOldGen       total 65536K, used 8K [0x00000000c0000000, 0x00000000c4000000, 0x00000000eab00000)
  object space 65536K, 0% used [0x00000000c0000000,0x00000000c0002000,0x00000000c4000000)
 Metaspace       used 9006K, capacity 9204K, committed 9472K, reserved 1056768K
  class space    used 1183K, capacity 1255K, committed 1280K, reserved 1048576K
Event: 8.254 GC heap after
Heap after GC invocations=2 (full 0):
 PSYoungGen      total 28672K, used 3851K [0x00000000eab00000, 0x00000000ecb00000, 0x0000000100000000)
  eden space 24576K, 0% used [0x00000000eab00000,0x00000000eab00000,0x00000000ec300000)
  from space 4096K, 94% used [0x00000000ec700000,0x00000000ecac2d58,0x00000000ecb00000)
  to   space 4096K, 0% used [0x00000000ec300000,0x00000000ec300000,0x00000000ec700000)
 ParOldGen       total 65536K, used 16K [0x00000000c0000000, 0x00000000c4000000, 0x00000000eab00000)
  object space 65536K, 0% used [0x00000000c0000000,0x00000000c0004000,0x00000000c4000000)
 Metaspace       used 9006K, capacity 9204K, committed 9472K, reserved 1056768K
  class space    used 1183K, capacity 1255K, committed 1280K, reserved 1048576K
}
Event: 12.701 GC heap before
{Heap before GC invocations=3 (full 0):
 PSYoungGen      total 28672K, used 28427K [0x00000000eab00000, 0x00000000ecb00000, 0x0000000100000000)
  eden space 24576K, 100% used [0x00000000eab00000,0x00000000ec300000,0x00000000ec300000)
  from space 4096K, 94% used [0x00000000ec700000,0x00000000ecac2d58,0x00000000ecb00000)
  to   space 4096K, 0% used [0x00000000ec300000,0x00000000ec300000,0x00000000ec700000)
 ParOldGen       total 65536K, used 16K [0x00000000c0000000, 0x00000000c4000000, 0x00000000eab00000)
  object space 65536K, 0% used [0x00000000c0000000,0x00000000c0004000,0x00000000c4000000)
 Metaspace       used 13592K, capacity 13908K, committed 14080K, reserved 1060864K
  class space    used 1879K, capacity 2004K, committed 2048K, reserved 1048576K
Event: 12.715 GC heap after
Heap after GC invocations=3 (full 0):
 PSYoungGen      total 28672K, used 4080K [0x00000000eab00000, 0x00000000ecb00000, 0x0000000100000000)
  eden space 24576K, 0% used [0x00000000eab00000,0x00000000eab00000,0x00000000ec300000)
  from space 4096K, 99% used [0x00000000ec300000,0x00000000ec6fc030,0x00000000ec700000)
  to   space 4096K, 0% used [0x00000000ec700000,0x00000000ec700000,0x00000000ecb00000)
 ParOldGen       total 65536K, used 1432K [0x00000000c0000000, 0x00000000c4000000, 0x00000000eab00000)
  object space 65536K, 2% used [0x00000000c0000000,0x00000000c0166090,0x00000000c4000000)
 Metaspace       used 13592K, capacity 13908K, committed 14080K, reserved 1060864K
  class space    used 1879K, capacity 2004K, committed 2048K, reserved 1048576K
}
Event: 14.782 GC heap before
{Heap before GC invocations=4 (full 0):
 PSYoungGen      total 28672K, used 28656K [0x00000000eab00000, 0x00000000ecb00000, 0x0000000100000000)
  eden space 24576K, 100% used [0x00000000eab00000,0x00000000ec300000,0x00000000ec300000)
  from space 4096K, 99% used [0x00000000ec300000,0x00000000ec6fc030,0x00000000ec700000)
  to   space 4096K, 0% used [0x00000000ec700000,0x00000000ec700000,0x00000000ecb00000)
 ParOldGen       total 65536K, used 1432K [0x00000000c0000000, 0x00000000c4000000, 0x00000000eab00000)
  object space 65536K, 2% used [0x00000000c0000000,0x00000000c0166090,0x00000000c4000000)
 Metaspace       used 16597K, capacity 17008K, committed 17152K, reserved 1064960K
  class space    used 2370K, capacity 2498K, committed 2560K, reserved 1048576K
Event: 14.794 GC heap after
Heap after GC invocations=4 (full 0):
 PSYoungGen      total 28672K, used 4064K [0x00000000eab00000, 0x00000000ecb00000, 0x0000000100000000)
  eden space 24576K, 0% used [0x00000000eab00000,0x00000000eab00000,0x00000000ec300000)
  from space 4096K, 99% used [0x00000000ec700000,0x00000000ecaf8020,0x00000000ecb00000)
  to   space 4096K, 0% used [0x00000000ec300000,0x00000000ec300000,0x00000000ec700000)
 ParOldGen       total 65536K, used 4712K [0x00000000c0000000, 0x00000000c4000000, 0x00000000eab00000)
  object space 65536K, 7% used [0x00000000c0000000,0x00000000c049a230,0x00000000c4000000)
 Metaspace       used 16597K, capacity 17008K, committed 17152K, reserved 1064960K
  class space    used 2370K, capacity 2498K, committed 2560K, reserved 1048576K
}

Deoptimization events (10 events):
Event: 14.450 Thread 0x0000000016ab5000 Uncommon trap: reason=bimorphic action=maybe_recompile pc=0x0000000002f3559c method=java.lang.ClassLoader.getPackage(Ljava/lang/String;)Ljava/lang/Package; @ 47
Event: 14.452 Thread 0x0000000016ab5000 Uncommon trap: reason=bimorphic action=maybe_recompile pc=0x0000000002f3559c method=java.lang.ClassLoader.getPackage(Ljava/lang/String;)Ljava/lang/Package; @ 47
Event: 14.453 Thread 0x0000000016ab5000 Uncommon trap: reason=bimorphic action=maybe_recompile pc=0x0000000002f3559c method=java.lang.ClassLoader.getPackage(Ljava/lang/String;)Ljava/lang/Package; @ 47
Event: 14.753 Thread 0x0000000016ab5000 Uncommon trap: reason=predicate action=maybe_recompile pc=0x0000000002f15cc8 method=sun.security.provider.DigestBase.implCompressMultiBlock([BII)I @ 5
Event: 14.797 Thread 0x0000000016ab5000 Uncommon trap: reason=unstable_if action=reinterpret pc=0x0000000002d17a2c method=java.lang.AbstractStringBuilder.append(Ljava/lang/String;)Ljava/lang/AbstractStringBuilder; @ 1
Event: 14.798 Thread 0x0000000016ab5000 Uncommon trap: reason=unstable_if action=reinterpret pc=0x0000000002c6cf98 method=java.lang.AbstractStringBuilder.append(Ljava/lang/String;)Ljava/lang/AbstractStringBuilder; @ 1
Event: 15.104 Thread 0x0000000016ab5000 Uncommon trap: reason=class_check action=maybe_recompile pc=0x0000000002c2a968 method=java.lang.String.equals(Ljava/lang/Object;)Z @ 8
Event: 15.104 Thread 0x0000000016ab5000 Uncommon trap: reason=class_check action=maybe_recompile pc=0x0000000002c2a968 method=java.lang.String.equals(Ljava/lang/Object;)Z @ 8
Event: 15.105 Thread 0x0000000016ab5000 Uncommon trap: reason=class_check action=maybe_recompile pc=0x0000000002c2a968 method=java.lang.String.equals(Ljava/lang/Object;)Z @ 8
Event: 15.105 Thread 0x0000000016ab5000 Uncommon trap: reason=class_check action=maybe_recompile pc=0x0000000002c2a968 method=java.lang.String.equals(Ljava/lang/Object;)Z @ 8

Internal exceptions (10 events):
Event: 13.610 Thread 0x0000000016ab5000 Exception <a 'java/lang/NoSuchMethodError': <clinit>> (0x00000000ebe5b090) thrown at [C:\re\workspace\8-2-build-windows-amd64-cygwin\jdk8u91\6644\hotspot\src\share\vm\prims\jni.cpp, line 1613]
Event: 13.611 Thread 0x0000000016ab5000 Exception <a 'java/lang/NoSuchMethodError': <clinit>> (0x00000000ebe65500) thrown at [C:\re\workspace\8-2-build-windows-amd64-cygwin\jdk8u91\6644\hotspot\src\share\vm\prims\jni.cpp, line 1613]
Event: 13.909 Thread 0x0000000016ab5000 Exception <a 'java/lang/NoSuchMethodError': <clinit>> (0x00000000ebf91fa0) thrown at [C:\re\workspace\8-2-build-windows-amd64-cygwin\jdk8u91\6644\hotspot\src\share\vm\prims\jni.cpp, line 1613]
Event: 14.453 Thread 0x0000000016ab5000 Exception <a 'java/lang/NoSuchMethodError': <clinit>> (0x00000000ebfd5dd0) thrown at [C:\re\workspace\8-2-build-windows-amd64-cygwin\jdk8u91\6644\hotspot\src\share\vm\prims\jni.cpp, line 1613]
Event: 14.455 Thread 0x0000000016ab5000 Exception <a 'java/lang/NoSuchMethodError': <clinit>> (0x00000000ebfeb4d8) thrown at [C:\re\workspace\8-2-build-windows-amd64-cygwin\jdk8u91\6644\hotspot\src\share\vm\prims\jni.cpp, line 1613]
Event: 14.588 Thread 0x0000000016ab5000 Exception <a 'java/lang/NoSuchMethodError': <clinit>> (0x00000000ec001a50) thrown at [C:\re\workspace\8-2-build-windows-amd64-cygwin\jdk8u91\6644\hotspot\src\share\vm\prims\jni.cpp, line 1613]
Event: 14.590 Thread 0x0000000016ab5000 Exception <a 'java/lang/NoSuchMethodError': <clinit>> (0x00000000ec016370) thrown at [C:\re\workspace\8-2-build-windows-amd64-cygwin\jdk8u91\6644\hotspot\src\share\vm\prims\jni.cpp, line 1613]
Event: 14.681 Thread 0x0000000016ab5000 Exception <a 'java/lang/NoSuchMethodError': <clinit>> (0x00000000ec030090) thrown at [C:\re\workspace\8-2-build-windows-amd64-cygwin\jdk8u91\6644\hotspot\src\share\vm\prims\jni.cpp, line 1613]
Event: 14.797 Thread 0x0000000016ab5000 Implicit null exception at 0x0000000002d176d6 to 0x0000000002d17a15
Event: 14.798 Thread 0x0000000016ab5000 Implicit null exception at 0x0000000002c6cc56 to 0x0000000002c6cf81

Events (10 events):
Event: 15.104 Thread 0x0000000016ab5000 DEOPT UNPACKING pc=0x0000000002aa582a sp=0x00000000199bcc60 mode 2
Event: 15.104 Thread 0x0000000016ab5000 Uncommon trap: trap_request=0xffffffde fr.pc=0x0000000002c2a968
Event: 15.104 Thread 0x0000000016ab5000 DEOPT PACKING pc=0x0000000002c2a968 sp=0x00000000199bccd0
Event: 15.104 Thread 0x0000000016ab5000 DEOPT UNPACKING pc=0x0000000002aa582a sp=0x00000000199bcc60 mode 2
Event: 15.105 Thread 0x0000000016ab5000 Uncommon trap: trap_request=0xffffffde fr.pc=0x0000000002c2a968
Event: 15.105 Thread 0x0000000016ab5000 DEOPT PACKING pc=0x0000000002c2a968 sp=0x00000000199bccd0
Event: 15.105 Thread 0x0000000016ab5000 DEOPT UNPACKING pc=0x0000000002aa582a sp=0x00000000199bcc60 mode 2
Event: 15.105 Thread 0x0000000016ab5000 Uncommon trap: trap_request=0xffffffde fr.pc=0x0000000002c2a968
Event: 15.105 Thread 0x0000000016ab5000 DEOPT PACKING pc=0x0000000002c2a968 sp=0x00000000199bccd0
Event: 15.105 Thread 0x0000000016ab5000 DEOPT UNPACKING pc=0x0000000002aa582a sp=0x00000000199bcc60 mode 2


Dynamic libraries:
0x00007ff787810000 - 0x00007ff787847000 	C:\Program Files\Java\jdk1.8.0_91\bin\java.exe
0x00007ff979c00000 - 0x00007ff979dd1000 	C:\WINDOWS\SYSTEM32\ntdll.dll
0x00007ff978930000 - 0x00007ff9789dc000 	C:\WINDOWS\System32\KERNEL32.DLL
0x00007ff9760f0000 - 0x00007ff97630d000 	C:\WINDOWS\System32\KERNELBASE.dll
0x00007ff9795b0000 - 0x00007ff979652000 	C:\WINDOWS\System32\ADVAPI32.dll
0x00007ff978e10000 - 0x00007ff978eae000 	C:\WINDOWS\System32\msvcrt.dll
0x00007ff978770000 - 0x00007ff9787c9000 	C:\WINDOWS\System32\sechost.dll
0x00007ff978eb0000 - 0x00007ff978fd1000 	C:\WINDOWS\System32\RPCRT4.dll
0x00007ff979440000 - 0x00007ff9795a5000 	C:\WINDOWS\System32\USER32.dll
0x00007ff976380000 - 0x00007ff97639e000 	C:\WINDOWS\System32\win32u.dll
0x00007ff9771b0000 - 0x00007ff9771e4000 	C:\WINDOWS\System32\GDI32.dll
0x00007ff9763a0000 - 0x00007ff976522000 	C:\WINDOWS\System32\gdi32full.dll
0x00007ff971470000 - 0x00007ff9716ea000 	C:\WINDOWS\WinSxS\amd64_microsoft.windows.common-controls_6595b64144ccf1df_6.0.14393.953_none_42151e83c686086b\COMCTL32.dll
0x00007ff979170000 - 0x00007ff979438000 	C:\WINDOWS\System32\combase.dll
0x00007ff976530000 - 0x00007ff976625000 	C:\WINDOWS\System32\ucrtbase.dll
0x00007ff976310000 - 0x00007ff97637a000 	C:\WINDOWS\System32\bcryptPrimitives.dll
0x00007ff979140000 - 0x00007ff97916e000 	C:\WINDOWS\System32\IMM32.DLL
0x0000000058040000 - 0x0000000058112000 	C:\Program Files\Java\jdk1.8.0_91\jre\bin\msvcr100.dll
0x0000000055f90000 - 0x0000000056823000 	C:\Program Files\Java\jdk1.8.0_91\jre\bin\server\jvm.dll
0x00007ff978760000 - 0x00007ff978768000 	C:\WINDOWS\System32\PSAPI.DLL
0x00007ff962c10000 - 0x00007ff962c19000 	C:\WINDOWS\SYSTEM32\WSOCK32.dll
0x00007ff973ce0000 - 0x00007ff973d03000 	C:\WINDOWS\SYSTEM32\WINMM.dll
0x00007ff979880000 - 0x00007ff9798ea000 	C:\WINDOWS\System32\WS2_32.dll
0x00007ff971950000 - 0x00007ff97195a000 	C:\WINDOWS\SYSTEM32\VERSION.dll
0x00007ff973b70000 - 0x00007ff973b9b000 	C:\WINDOWS\SYSTEM32\WINMMBASE.dll
0x00007ff976d70000 - 0x00007ff976db2000 	C:\WINDOWS\System32\cfgmgr32.dll
0x0000000058030000 - 0x000000005803f000 	C:\Program Files\Java\jdk1.8.0_91\jre\bin\verify.dll
0x0000000058000000 - 0x0000000058029000 	C:\Program Files\Java\jdk1.8.0_91\jre\bin\java.dll
0x0000000057fe0000 - 0x0000000057ff6000 	C:\Program Files\Java\jdk1.8.0_91\jre\bin\zip.dll
0x00007ff9771f0000 - 0x00007ff9786f8000 	C:\WINDOWS\System32\SHELL32.dll
0x00007ff976690000 - 0x00007ff976d6a000 	C:\WINDOWS\System32\windows.storage.dll
0x00007ff9760a0000 - 0x00007ff9760ec000 	C:\WINDOWS\System32\powrprof.dll
0x00007ff979660000 - 0x00007ff9796b2000 	C:\WINDOWS\System32\shlwapi.dll
0x00007ff976080000 - 0x00007ff97608f000 	C:\WINDOWS\System32\kernel.appcore.dll
0x00007ff977040000 - 0x00007ff9770e9000 	C:\WINDOWS\System32\shcore.dll
0x00007ff976060000 - 0x00007ff976074000 	C:\WINDOWS\System32\profapi.dll
0x0000000057fc0000 - 0x0000000057fda000 	C:\Program Files\Java\jdk1.8.0_91\jre\bin\net.dll
0x00007ff975990000 - 0x00007ff9759ec000 	C:\WINDOWS\system32\mswsock.dll
0x0000000057fa0000 - 0x0000000057fb1000 	C:\Program Files\Java\jdk1.8.0_91\jre\bin\nio.dll
0x00007ff96f8f0000 - 0x00007ff96f90e000 	C:\Users\William\.gradle\native\23\windows-amd64\native-platform.dll
0x00007ff975b30000 - 0x00007ff975b47000 	C:\WINDOWS\SYSTEM32\CRYPTSP.dll
0x00007ff975590000 - 0x00007ff9755c3000 	C:\WINDOWS\system32\rsaenh.dll
0x00007ff975c40000 - 0x00007ff975c6b000 	C:\WINDOWS\SYSTEM32\bcrypt.dll
0x00007ff975810000 - 0x00007ff97582f000 	C:\WINDOWS\SYSTEM32\USERENV.dll
0x00007ff975b50000 - 0x00007ff975b5b000 	C:\WINDOWS\SYSTEM32\CRYPTBASE.dll
0x00007ff975710000 - 0x00007ff975748000 	C:\WINDOWS\SYSTEM32\IPHLPAPI.DLL
0x00007ff9796c0000 - 0x00007ff9796c8000 	C:\WINDOWS\System32\NSI.dll
0x00007ff972100000 - 0x00007ff972116000 	C:\WINDOWS\SYSTEM32\dhcpcsvc6.DLL
0x00007ff971e50000 - 0x00007ff971e6a000 	C:\WINDOWS\SYSTEM32\dhcpcsvc.DLL
0x0000000057f90000 - 0x0000000057f9d000 	C:\Program Files\Java\jdk1.8.0_91\jre\bin\management.dll

VM Arguments:
jvm_args: -XX:MaxPermSize=256m -XX:+HeapDumpOnOutOfMemoryError -Xmx1024m -Dfile.encoding=windows-1252 -Duser.country=BR -Duser.language=pt -Duser.variant 
java_command: org.gradle.launcher.daemon.bootstrap.GradleDaemon 3.3
java_class_path (initial): C:\Users\William\.gradle\wrapper\dists\gradle-3.3-all\55gk2rcmfc6p2dg9u9ohc3hw9\gradle-3.3\lib\gradle-launcher-3.3.jar
Launcher Type: SUN_STANDARD

Environment Variables:
JAVA_HOME=C:\Program Files\Java\jdk1.8.0_91
CLASSPATH=;C:\Program Files\Java\jdk1.8.0_91\lib;C:\Program Files\Java\jdk1.8.0_91\lib\tools.jar;C:\Program Files\Java\jdk1.8.0_91\lib\dt.jar;C:\Program Files\Java\jdk1.8.0_91\lib\htmlconverter.jar;C:\Program Files\Java\jdk1.8.0_91\jre\lib;C:\Program Files\Java\jdk1.8.0_91\jre\lib\rt.jar;
PATH=C:\Perl\site\bin;C:\Perl\bin;C:\Program Files (x86)\EasyPHP-DevServer-14.1VC11\binaries\php\php_runningversion;C:\ProgramData\Oracle\Java\javapath;c:\Program Files (x86)\Intel\iCLS Client\;c:\Program Files\Intel\iCLS Client\;C:\Windows\system32;C:\Windows;C:\Windows\System32\Wbem;C:\Windows\System32\WindowsPowerShell\v1.0\;C:\Program Files\Intel\Intel(R) Management Engine Components\DAL;C:\Program Files\Intel\Intel(R) Management Engine Components\IPT;C:\Program Files (x86)\Intel\Intel(R) Management Engine Components\DAL;C:\Program Files (x86)\Intel\Intel(R) Management Engine Components\IPT;C:\Program Files (x86)\Windows Live\Shared;C:\Dwimperl\perl\bin;C:\Dwimperl\perl\site\bin;C:\Dwimperl\c\bin;C:\Program Files (x86)\B1 Free Archiver;C:\Program Files (x86)\NVIDIA Corporation\PhysX\Common;C:\Program Files\Oracle\VirtualBox;C:\WINDOWS\system32;C:\WINDOWS;C:\WINDOWS\System32\Wbem;C:\WINDOWS\System32\WindowsPowerShell\v1.0\;C:\WINDOWS\system32\config\systemprofile\.dnx\bin;C:\Program Files\Microsoft DNX\Dnvm\;C:\Program Files (x86)\Skype\Phone\;C:\Program Files (x86)\Java\jre1.8.0_20\bin;C:\Users\William\AppData\Local\Android\sdk\tools;C:\Users\William\AppData\Local\Android\sdk\platform-tools;C:\Program Files\nodejs\;C:\Program Files\Java\jdk1.8.0_91\bin;C:\Users\William\AppData\Local\Android\sdk\build-tools\23.0.3;C:\curl\src;C:\Users\William\AppData\Local\Programs\Python\Python36-32\Scripts\;C:\Users\William\AppData\Local\Programs\Python\Python36-32\;C:\Users\William\AppData\Local\Programs\Python\Python36\Scripts\;C:\Users\William\AppData\Local\Programs\Python\Python36\;C:\Users\William\AppData\Roaming\npm;C:\Python27\;C:\Python27\Scripts\;C:\Protoc\bin\protoc.exe;C:\Users\William\AppData\Local\Microsoft\WindowsApps
USERNAME=William
OS=Windows_NT
PROCESSOR_IDENTIFIER=Intel64 Family 6 Model 69 Stepping 1, GenuineIntel



---------------  S Y S T E M  ---------------

OS: Windows 10.0 , 64 bit Build 14393 (10.0.14393.1198)

CPU:total 4 (2 cores per cpu, 2 threads per core) family 6 model 69 stepping 1, cmov, cx8, fxsr, mmx, sse, sse2, sse3, ssse3, sse4.1, sse4.2, popcnt, avx, avx2, aes, clmul, erms, lzcnt, ht, tsc, tscinvbit, bmi1, bmi2

Memory: 4k page, physical 6193632k(1454284k free), swap 6193632k(5928k free)

vm_info: Java HotSpot(TM) 64-Bit Server VM (25.91-b14) for windows-amd64 JRE (1.8.0_91-b14), built on Apr  1 2016 00:58:32 by "java_re" with MS VC++ 10.0 (VS2010)

time: Wed Jun 14 10:45:25 2017
elapsed time: 15 seconds (0d 0h 0m 15s)

